\BOOKMARK [1][-]{section.1}{Introduction}{}% 1
\BOOKMARK [1][-]{section.2}{Adiabatic gauge potential}{}% 2
\BOOKMARK [2][-]{subsection.2.1}{Introduction by example}{section.2}% 3
\BOOKMARK [2][-]{subsection.2.2}{Formal introduction}{section.2}% 4
\BOOKMARK [2][-]{subsection.2.3}{Eigenstate Thermalization Hypothesis}{section.2}% 5
\BOOKMARK [3][-]{subsubsection.2.3.1}{Information about fO\(, \)}{subsection.2.3}% 6
\BOOKMARK [1][-]{section.3}{Norm of adiabatic gauge potential}{}% 7
\BOOKMARK [1][-]{section.4}{Integrable model}{}% 8
\BOOKMARK [1][-]{section.5}{Non-integrable model}{}% 9
\BOOKMARK [2][-]{subsection.5.1}{ETH applied to norm}{section.5}% 10
\BOOKMARK [3][-]{subsubsection.5.1.1}{Heuristic argument}{subsection.5.1}% 11
\BOOKMARK [3][-]{subsubsection.5.1.2}{Formal calculation}{subsection.5.1}% 12
\BOOKMARK [1][-]{section.6}{System-size scaling of minimum and maximum of ij}{}% 13
\BOOKMARK [1][-]{section.7}{Norm computed using ED}{}% 14
\BOOKMARK [2][-]{subsection.7.1}{ scaling of gauge potential}{section.7}% 15
\BOOKMARK [2][-]{subsection.7.2}{L scaling of gauge potential}{section.7}% 16
\BOOKMARK [1][-]{appendix.A}{Do degenerate eigenvalues contribute to norm of gauge potential?}{}% 17
\BOOKMARK [1][-]{appendix.B}{Computing `39`42`"613A``45`47`"603ATr[H, H] }{}% 18
\BOOKMARK [2][-]{subsection.B.1}{Integrable model}{appendix.B}% 19
\BOOKMARK [2][-]{subsection.B.2}{Non-integrable model}{appendix.B}% 20
\BOOKMARK [2][-]{subsection.B.3}{Integrable systems with open boundary condition}{appendix.B}% 21
